example/build/app/intermediates/manifest_merge_blame_file/debug/manifest-merger-blame-debug-report.txt
1<?xml version="1.0" encoding="utf-8"?>
2<manifest xmlns:android="http://schemas.android.com/apk/res/android"
3    package="io.flutter.plugins.firebasemessagingexample"
4    android:versionCode="1"
5    android:versionName="1.0" >
6
7    <uses-sdk
8        android:minSdkVersion="16"
8-->src/main/AndroidManifest.xml
9        android:targetSdkVersion="28" />
9-->src/main/AndroidManifest.xml
10
11    <uses-permission android:name="android.permission.INTERNET" />
11-->src/main/AndroidManifest.xml:4:5-66
11-->src/main/AndroidManifest.xml:4:22-64
12    <uses-permission android:name="android.permission.ACCESS_NETWORK_STATE" />
12-->[:firebase_analytics] AndroidManifest.xml:7:5-79
12-->[:firebase_analytics] AndroidManifest.xml:7:22-76
13    <uses-permission android:name="android.permission.WAKE_LOCK" />
13-->[:firebase_analytics] AndroidManifest.xml:9:5-68
13-->[:firebase_analytics] AndroidManifest.xml:9:22-65
14    <uses-permission android:name="com.google.android.finsky.permission.BIND_GET_INSTALL_REFERRER_SERVICE" /> <!-- Required by older versions of Google Play services to create IID tokens -->
14-->[com.google.android.gms:play-services-measurement:16.5.0] AndroidManifest.xml:26:5-110
14-->[com.google.android.gms:play-services-measurement:16.5.0] AndroidManifest.xml:26:22-107
15    <uses-permission android:name="com.google.android.c2dm.permission.RECEIVE" />
15-->[com.google.firebase:firebase-iid:20.0.1] AndroidManifest.xml:26:5-82
15-->[com.google.firebase:firebase-iid:20.0.1] AndroidManifest.xml:26:22-79
16
17    <application
17-->src/main/AndroidManifest.xml:6:5-33:19
18        android:name="io.flutter.app.FlutterApplication"
18-->src/main/AndroidManifest.xml:6:18-66
19        android:appComponentFactory="androidx.core.app.CoreComponentFactory"
19-->[androidx.core:core:1.0.0] AndroidManifest.xml:22:18-86
20        android:debuggable="true"
21        android:icon="@mipmap/ic_launcher"
21-->src/main/AndroidManifest.xml:6:110-144
22        android:label="firebase_messaging_example" >
22-->src/main/AndroidManifest.xml:6:67-109
23        <activity
23-->src/main/AndroidManifest.xml:7:9-21:20
24            android:name="io.flutter.plugins.firebasemessagingexample.MainActivity"
24-->src/main/AndroidManifest.xml:7:19-47
25            android:configChanges="orientation|keyboardHidden|keyboard|screenSize|locale|layoutDirection"
25-->src/main/AndroidManifest.xml:10:19-112
26            android:hardwareAccelerated="true"
26-->src/main/AndroidManifest.xml:11:19-53
27            android:launchMode="singleTop"
27-->src/main/AndroidManifest.xml:8:19-49
28            android:theme="@android:style/Theme.Black.NoTitleBar"
28-->src/main/AndroidManifest.xml:9:19-72
29            android:windowSoftInputMode="adjustResize" >
29-->src/main/AndroidManifest.xml:12:19-61
30            <intent-filter>
30-->src/main/AndroidManifest.xml:13:13-16:29
31                <action android:name="android.intent.action.MAIN" />
31-->src/main/AndroidManifest.xml:14:17-68
31-->src/main/AndroidManifest.xml:14:25-66
32
33                <category android:name="android.intent.category.LAUNCHER" />
33-->src/main/AndroidManifest.xml:15:17-76
33-->src/main/AndroidManifest.xml:15:27-74
34            </intent-filter>
35            <intent-filter>
35-->src/main/AndroidManifest.xml:17:13-20:29
36                <action android:name="FLUTTER_NOTIFICATION_CLICK" />
36-->src/main/AndroidManifest.xml:18:17-69
36-->src/main/AndroidManifest.xml:18:25-66
37
38                <category android:name="android.intent.category.DEFAULT" />
38-->src/main/AndroidManifest.xml:19:17-76
38-->src/main/AndroidManifest.xml:19:27-73
39            </intent-filter>
40        </activity>
41        <activity
41-->src/main/AndroidManifest.xml:22:9-32:20
42            android:name="io.flutter.plugins.firebasemessagingexample.EmbeddingV1Activity"
42-->src/main/AndroidManifest.xml:22:19-54
43            android:configChanges="orientation|keyboardHidden|keyboard|screenSize|locale|layoutDirection"
43-->src/main/AndroidManifest.xml:25:19-112
44            android:hardwareAccelerated="true"
44-->src/main/AndroidManifest.xml:26:19-53
45            android:launchMode="singleTop"
45-->src/main/AndroidManifest.xml:23:19-49
46            android:theme="@android:style/Theme.Black.NoTitleBar"
46-->src/main/AndroidManifest.xml:24:19-72
47            android:windowSoftInputMode="adjustResize" >
47-->src/main/AndroidManifest.xml:27:19-61
48            <intent-filter>
48-->src/main/AndroidManifest.xml:13:13-16:29
49                <action android:name="android.intent.action.MAIN" />
49-->src/main/AndroidManifest.xml:14:17-68
49-->src/main/AndroidManifest.xml:14:25-66
50
51                <category android:name="android.intent.category.LAUNCHER" />
51-->src/main/AndroidManifest.xml:15:17-76
51-->src/main/AndroidManifest.xml:15:27-74
52            </intent-filter>
53        </activity>
54
55        <service
55-->[:firebase_analytics] AndroidManifest.xml:12:9-16:19
56            android:name="com.google.firebase.components.ComponentDiscoveryService"
56-->[:firebase_analytics] AndroidManifest.xml:12:18-89
57            android:directBootAware="true"
57-->[com.google.firebase:firebase-common:19.2.0] AndroidManifest.xml:15:13-43
58            android:exported="false" >
58-->[com.google.android.gms:play-services-measurement-api:16.5.0] AndroidManifest.xml:29:13-37
59            <meta-data
59-->[:firebase_analytics] AndroidManifest.xml:13:13-15:85
60                android:name="com.google.firebase.components:io.flutter.plugins.firebaseanalytics.FlutterFirebaseAppRegistrar"
60-->[:firebase_analytics] AndroidManifest.xml:14:17-127
61                android:value="com.google.firebase.components.ComponentRegistrar" />
61-->[:firebase_analytics] AndroidManifest.xml:15:17-82
62            <meta-data
62-->[:firebase_core] AndroidManifest.xml:9:13-11:85
63                android:name="com.google.firebase.components:io.flutter.plugins.firebase.core.FlutterFirebaseAppRegistrar"
63-->[:firebase_core] AndroidManifest.xml:10:17-123
64                android:value="com.google.firebase.components.ComponentRegistrar" />
64-->[:firebase_core] AndroidManifest.xml:11:17-82
65            <meta-data
65-->[:firebase_messaging] AndroidManifest.xml:14:13-16:85
66                android:name="com.google.firebase.components:io.flutter.plugins.firebasemessaging.FlutterFirebaseAppRegistrar"
66-->[:firebase_messaging] AndroidManifest.xml:15:17-127
67                android:value="com.google.firebase.components.ComponentRegistrar" />
67-->[:firebase_messaging] AndroidManifest.xml:16:17-82
68            <meta-data
68-->[com.google.android.gms:play-services-measurement-api:16.5.0] AndroidManifest.xml:30:13-32:85
69                android:name="com.google.firebase.components:com.google.firebase.analytics.connector.internal.AnalyticsConnectorRegistrar"
69-->[com.google.android.gms:play-services-measurement-api:16.5.0] AndroidManifest.xml:31:17-139
70                android:value="com.google.firebase.components.ComponentRegistrar" />
70-->[com.google.android.gms:play-services-measurement-api:16.5.0] AndroidManifest.xml:32:17-82
71            <meta-data
71-->[com.google.firebase:firebase-iid:20.0.1] AndroidManifest.xml:32:13-34:85
72                android:name="com.google.firebase.components:com.google.firebase.iid.Registrar"
72-->[com.google.firebase:firebase-iid:20.0.1] AndroidManifest.xml:33:17-96
73                android:value="com.google.firebase.components.ComponentRegistrar" />
73-->[com.google.firebase:firebase-iid:20.0.1] AndroidManifest.xml:34:17-82
74        </service>
75        <service android:name="io.flutter.plugins.firebasemessaging.FlutterFirebaseMessagingService" >
75-->[:firebase_messaging] AndroidManifest.xml:8:9-12:19
75-->[:firebase_messaging] AndroidManifest.xml:8:18-101
76            <intent-filter>
76-->[:firebase_messaging] AndroidManifest.xml:9:13-11:29
77                <action android:name="com.google.firebase.MESSAGING_EVENT" />
77-->[:firebase_messaging] AndroidManifest.xml:10:17-78
77-->[:firebase_messaging] AndroidManifest.xml:10:25-75
78            </intent-filter>
79        </service>
80        <!--
81             FirebaseMessagingService performs security checks at runtime,
82             but set to not exported to explicitly avoid allowing another app to call it.
83        -->
84        <service
84-->[com.google.firebase:firebase-messaging:20.0.1] AndroidManifest.xml:28:9-34:19
85            android:name="com.google.firebase.messaging.FirebaseMessagingService"
85-->[com.google.firebase:firebase-messaging:20.0.1] AndroidManifest.xml:29:13-82
86            android:exported="false" >
86-->[com.google.firebase:firebase-messaging:20.0.1] AndroidManifest.xml:30:13-37
87            <intent-filter android:priority="-500" >
87-->[:firebase_messaging] AndroidManifest.xml:9:13-11:29
88                <action android:name="com.google.firebase.MESSAGING_EVENT" />
88-->[:firebase_messaging] AndroidManifest.xml:10:17-78
88-->[:firebase_messaging] AndroidManifest.xml:10:25-75
89            </intent-filter>
90        </service>
91
92        <receiver
92-->[com.google.android.gms:play-services-measurement:16.5.0] AndroidManifest.xml:29:9-33:20
93            android:name="com.google.android.gms.measurement.AppMeasurementReceiver"
93-->[com.google.android.gms:play-services-measurement:16.5.0] AndroidManifest.xml:30:13-85
94            android:enabled="true"
94-->[com.google.android.gms:play-services-measurement:16.5.0] AndroidManifest.xml:31:13-35
95            android:exported="false" >
95-->[com.google.android.gms:play-services-measurement:16.5.0] AndroidManifest.xml:32:13-37
96        </receiver>
97        <receiver
97-->[com.google.android.gms:play-services-measurement:16.5.0] AndroidManifest.xml:34:9-42:20
98            android:name="com.google.android.gms.measurement.AppMeasurementInstallReferrerReceiver"
98-->[com.google.android.gms:play-services-measurement:16.5.0] AndroidManifest.xml:35:13-100
99            android:enabled="true"
99-->[com.google.android.gms:play-services-measurement:16.5.0] AndroidManifest.xml:36:13-35
100            android:exported="true"
100-->[com.google.android.gms:play-services-measurement:16.5.0] AndroidManifest.xml:37:13-36
101            android:permission="android.permission.INSTALL_PACKAGES" >
101-->[com.google.android.gms:play-services-measurement:16.5.0] AndroidManifest.xml:38:13-69
102            <intent-filter>
102-->[com.google.android.gms:play-services-measurement:16.5.0] AndroidManifest.xml:39:13-41:29
103                <action android:name="com.android.vending.INSTALL_REFERRER" />
103-->[com.google.android.gms:play-services-measurement:16.5.0] AndroidManifest.xml:40:17-79
103-->[com.google.android.gms:play-services-measurement:16.5.0] AndroidManifest.xml:40:25-76
104            </intent-filter>
105        </receiver>
106
107        <service
107-->[com.google.android.gms:play-services-measurement:16.5.0] AndroidManifest.xml:44:9-47:40
108            android:name="com.google.android.gms.measurement.AppMeasurementService"
108-->[com.google.android.gms:play-services-measurement:16.5.0] AndroidManifest.xml:45:13-84
109            android:enabled="true"
109-->[com.google.android.gms:play-services-measurement:16.5.0] AndroidManifest.xml:46:13-35
110            android:exported="false" />
110-->[com.google.android.gms:play-services-measurement:16.5.0] AndroidManifest.xml:47:13-37
111        <service
111-->[com.google.android.gms:play-services-measurement:16.5.0] AndroidManifest.xml:48:9-52:72
112            android:name="com.google.android.gms.measurement.AppMeasurementJobService"
112-->[com.google.android.gms:play-services-measurement:16.5.0] AndroidManifest.xml:49:13-87
113            android:enabled="true"
113-->[com.google.android.gms:play-services-measurement:16.5.0] AndroidManifest.xml:50:13-35
114            android:exported="false"
114-->[com.google.android.gms:play-services-measurement:16.5.0] AndroidManifest.xml:51:13-37
115            android:permission="android.permission.BIND_JOB_SERVICE" />
115-->[com.google.android.gms:play-services-measurement:16.5.0] AndroidManifest.xml:52:13-69
116
117        <receiver
117-->[com.google.firebase:firebase-iid:20.0.1] AndroidManifest.xml:37:9-44:20
118            android:name="com.google.firebase.iid.FirebaseInstanceIdReceiver"
118-->[com.google.firebase:firebase-iid:20.0.1] AndroidManifest.xml:38:13-78
119            android:exported="true"
119-->[com.google.firebase:firebase-iid:20.0.1] AndroidManifest.xml:39:13-36
120            android:permission="com.google.android.c2dm.permission.SEND" >
120-->[com.google.firebase:firebase-iid:20.0.1] AndroidManifest.xml:40:13-73
121            <intent-filter>
121-->[com.google.firebase:firebase-iid:20.0.1] AndroidManifest.xml:41:13-43:29
122                <action android:name="com.google.android.c2dm.intent.RECEIVE" />
122-->[com.google.firebase:firebase-iid:20.0.1] AndroidManifest.xml:42:17-81
122-->[com.google.firebase:firebase-iid:20.0.1] AndroidManifest.xml:42:25-78
123            </intent-filter>
124        </receiver>
125
126        <provider
126-->[com.google.firebase:firebase-common:19.2.0] AndroidManifest.xml:19:9-23:39
127            android:name="com.google.firebase.provider.FirebaseInitProvider"
127-->[com.google.firebase:firebase-common:19.2.0] AndroidManifest.xml:20:13-77
128            android:authorities="io.flutter.plugins.firebasemessagingexample.firebaseinitprovider"
128-->[com.google.firebase:firebase-common:19.2.0] AndroidManifest.xml:21:13-72
129            android:exported="false"
129-->[com.google.firebase:firebase-common:19.2.0] AndroidManifest.xml:22:13-37
130            android:initOrder="100" />
130-->[com.google.firebase:firebase-common:19.2.0] AndroidManifest.xml:23:13-36
131
132        <activity
132-->[com.google.android.gms:play-services-base:17.0.0] AndroidManifest.xml:23:9-26:75
133            android:name="com.google.android.gms.common.api.GoogleApiActivity"
133-->[com.google.android.gms:play-services-base:17.0.0] AndroidManifest.xml:24:13-79
134            android:exported="false"
134-->[com.google.android.gms:play-services-base:17.0.0] AndroidManifest.xml:25:13-37
135            android:theme="@android:style/Theme.Translucent.NoTitleBar" />
135-->[com.google.android.gms:play-services-base:17.0.0] AndroidManifest.xml:26:13-72
136
137        <meta-data
137-->[com.google.android.gms:play-services-basement:17.0.0] AndroidManifest.xml:23:9-25:69
138            android:name="com.google.android.gms.version"
138-->[com.google.android.gms:play-services-basement:17.0.0] AndroidManifest.xml:24:13-58
139            android:value="@integer/google_play_services_version" />
139-->[com.google.android.gms:play-services-basement:17.0.0] AndroidManifest.xml:25:13-66
140    </application>
141
142</manifest>